[debug] [2021-10-30T00:54:58.758Z] ----------------------------------------------------------------------
[debug] [2021-10-30T00:54:58.760Z] Command:       C:\Program Files\nodejs\node.exe C:\Users\PC\AppData\Roaming\npm\node_modules\firebase-tools\lib\bin\firebase.js init
[debug] [2021-10-30T00:54:58.760Z] CLI Version:   9.21.0
[debug] [2021-10-30T00:54:58.760Z] Platform:      win32
[debug] [2021-10-30T00:54:58.760Z] Node Version:  v16.4.0
[debug] [2021-10-30T00:54:58.761Z] Time:          Sat Oct 30 2021 06:54:58 GMT+0600 (Bangladesh Standard Time)
[debug] [2021-10-30T00:54:58.761Z] ----------------------------------------------------------------------
[debug] 
[debug] [2021-10-30T00:54:58.762Z] >>> [apiv2][query] GET https://firebase-public.firebaseio.com/cli.json [none]
[debug] [2021-10-30T00:54:58.781Z] > command requires scopes: ["email","openid","https://www.googleapis.com/auth/cloudplatformprojects.readonly","https://www.googleapis.com/auth/firebase","https://www.googleapis.com/auth/cloud-platform"]
[debug] [2021-10-30T00:54:58.782Z] > authorizing via signed-in user (stimran4405@gmail.com)
[info] 
     ######## #### ########  ######## ########     ###     ######  ########
     ##        ##  ##     ## ##       ##     ##  ##   ##  ##       ##
     ######    ##  ########  ######   ########  #########  ######  ######
     ##        ##  ##    ##  ##       ##     ## ##     ##       ## ##
     ##       #### ##     ## ######## ########  ##     ##  ######  ########

You're about to initialize a Firebase project in this directory:

  C:\Project-Programming-Hero\Milestone-11\Assignment-11\tour-planner-client

Before we get started, keep in mind:

  * You are currently outside your home directory

